<?xml version="1.0" encoding="UTF-8"?>
<!-- Generated by org.testng.reporters.JUnitReportReporter -->
<testsuite hostname="HASSEN-HP" failures="0" tests="1" name="com.API.Tests.getTests" time="5.403" errors="0" timestamp="2023-03-06T21:03:32 EST" skipped="0">
  <testcase classname="com.API.Tests.getTests" name="getEmployeeDetails" time="5.403"/>
  <system-out/>
</testsuite> <!-- com.API.Tests.getTests -->
