<?xml version="1.0" encoding="UTF-8"?>
<!-- Generated by org.testng.reporters.JUnitReportReporter -->
<testsuite hostname="HASSEN-HP" failures="0" tests="3" name="com.API.Tests.DataProviderTest" time="0.013" errors="0" timestamp="2023-03-07T14:28:34 EST" skipped="0">
  <testcase classname="com.API.Tests.DataProviderTest" name="dbTest" time="0.008"/>
  <system-out/>
  <testcase classname="com.API.Tests.DataProviderTest" name="dbTest" time="0.003"/>
  <system-out/>
  <testcase classname="com.API.Tests.DataProviderTest" name="dbTest" time="0.002"/>
  <system-out/>
</testsuite> <!-- com.API.Tests.DataProviderTest -->
