<?xml version="1.0" encoding="UTF-8"?>
<!-- Generated by org.testng.reporters.JUnitReportReporter -->
<testsuite hostname="HASSEN-HP" failures="0" tests="1" name="com.API.Tests.postCallTests" time="1975.972" errors="0" timestamp="2023-03-07T14:03:51 EST" skipped="0">
  <testcase classname="com.API.Tests.postCallTests" name="postRequestUsingExtrnalFile" time="1975.972"/>
  <system-out/>
</testsuite> <!-- com.API.Tests.postCallTests -->
